18-Jun-2019 11:32:17.358 信息 [main] org.apache.catalina.core.ApplicationContext.log ContextListener: contextInitialized()
18-Jun-2019 11:32:17.359 信息 [main] org.apache.catalina.core.ApplicationContext.log SessionListener: contextInitialized()
18-Jun-2019 11:32:17.363 信息 [main] org.apache.catalina.core.ApplicationContext.log ContextListener: attributeAdded('StockTicker', 'async.Stockticker@4ba534b0')
18-Jun-2019 11:37:03.995 信息 [main] org.apache.catalina.core.ApplicationContext.log SessionListener: contextDestroyed()
18-Jun-2019 11:37:03.995 信息 [main] org.apache.catalina.core.ApplicationContext.log ContextListener: contextDestroyed()
18-Jun-2019 11:37:07.837 信息 [main] org.apache.catalina.core.ApplicationContext.log ContextListener: contextInitialized()
18-Jun-2019 11:37:07.837 信息 [main] org.apache.catalina.core.ApplicationContext.log SessionListener: contextInitialized()
18-Jun-2019 11:37:07.838 信息 [main] org.apache.catalina.core.ApplicationContext.log ContextListener: attributeAdded('StockTicker', 'async.Stockticker@4ba534b0')
18-Jun-2019 11:39:27.153 信息 [main] org.apache.catalina.core.ApplicationContext.log SessionListener: contextDestroyed()
18-Jun-2019 11:39:27.153 信息 [main] org.apache.catalina.core.ApplicationContext.log ContextListener: contextDestroyed()
18-Jun-2019 11:39:30.225 信息 [main] org.apache.catalina.core.ApplicationContext.log ContextListener: contextInitialized()
18-Jun-2019 11:39:30.226 信息 [main] org.apache.catalina.core.ApplicationContext.log SessionListener: contextInitialized()
18-Jun-2019 11:39:30.227 信息 [main] org.apache.catalina.core.ApplicationContext.log ContextListener: attributeAdded('StockTicker', 'async.Stockticker@4ba534b0')
18-Jun-2019 11:55:16.200 信息 [main] org.apache.catalina.core.ApplicationContext.log SessionListener: contextDestroyed()
18-Jun-2019 11:55:16.201 信息 [main] org.apache.catalina.core.ApplicationContext.log ContextListener: contextDestroyed()
18-Jun-2019 11:56:13.741 信息 [main] org.apache.catalina.core.ApplicationContext.log ContextListener: contextInitialized()
18-Jun-2019 11:56:13.741 信息 [main] org.apache.catalina.core.ApplicationContext.log SessionListener: contextInitialized()
18-Jun-2019 11:56:13.744 信息 [main] org.apache.catalina.core.ApplicationContext.log ContextListener: attributeAdded('StockTicker', 'async.Stockticker@24fb6a80')
18-Jun-2019 12:48:15.871 信息 [http-nio-80-exec-13] org.apache.catalina.core.ApplicationContext.log Marking servlet [RegisterServlet] as unavailable
18-Jun-2019 12:48:15.872 严重 [http-nio-80-exec-13] org.apache.catalina.core.StandardWrapperValve.invoke Allocate exception for servlet [RegisterServlet]
	java.lang.ClassNotFoundException: RegisterServlet
		at org.apache.catalina.loader.WebappClassLoaderBase.loadClass(WebappClassLoaderBase.java:1365)
		at org.apache.catalina.loader.WebappClassLoaderBase.loadClass(WebappClassLoaderBase.java:1188)
		at org.apache.catalina.core.DefaultInstanceManager.loadClass(DefaultInstanceManager.java:540)
		at org.apache.catalina.core.DefaultInstanceManager.loadClassMaybePrivileged(DefaultInstanceManager.java:521)
		at org.apache.catalina.core.DefaultInstanceManager.newInstance(DefaultInstanceManager.java:150)
		at org.apache.catalina.core.StandardWrapper.loadServlet(StandardWrapper.java:1030)
		at org.apache.catalina.core.StandardWrapper.allocate(StandardWrapper.java:761)
		at org.apache.catalina.core.StandardWrapperValve.invoke(StandardWrapperValve.java:135)
		at org.apache.catalina.core.StandardContextValve.invoke(StandardContextValve.java:96)
		at org.apache.catalina.authenticator.AuthenticatorBase.invoke(AuthenticatorBase.java:490)
		at org.apache.catalina.core.StandardHostValve.invoke(StandardHostValve.java:139)
		at org.apache.catalina.valves.ErrorReportValve.invoke(ErrorReportValve.java:92)
		at org.apache.catalina.valves.AbstractAccessLogValve.invoke(AbstractAccessLogValve.java:678)
		at org.apache.catalina.core.StandardEngineValve.invoke(StandardEngineValve.java:74)
		at org.apache.catalina.connector.CoyoteAdapter.service(CoyoteAdapter.java:343)
		at org.apache.coyote.http11.Http11Processor.service(Http11Processor.java:408)
		at org.apache.coyote.AbstractProcessorLight.process(AbstractProcessorLight.java:66)
		at org.apache.coyote.AbstractProtocol$ConnectionHandler.process(AbstractProtocol.java:853)
		at org.apache.tomcat.util.net.NioEndpoint$SocketProcessor.doRun(NioEndpoint.java:1587)
		at org.apache.tomcat.util.net.SocketProcessorBase.run(SocketProcessorBase.java:49)
		at java.base/java.util.concurrent.ThreadPoolExecutor.runWorker(ThreadPoolExecutor.java:1128)
		at java.base/java.util.concurrent.ThreadPoolExecutor$Worker.run(ThreadPoolExecutor.java:628)
		at org.apache.tomcat.util.threads.TaskThread$WrappingRunnable.run(TaskThread.java:61)
		at java.base/java.lang.Thread.run(Thread.java:835)
18-Jun-2019 12:54:56.991 信息 [main] org.apache.catalina.core.ApplicationContext.log SessionListener: contextDestroyed()
18-Jun-2019 12:54:56.991 信息 [main] org.apache.catalina.core.ApplicationContext.log ContextListener: contextDestroyed()
18-Jun-2019 12:55:00.107 信息 [main] org.apache.catalina.core.ApplicationContext.log ContextListener: contextInitialized()
18-Jun-2019 12:55:00.107 信息 [main] org.apache.catalina.core.ApplicationContext.log SessionListener: contextInitialized()
18-Jun-2019 12:55:00.109 信息 [main] org.apache.catalina.core.ApplicationContext.log ContextListener: attributeAdded('StockTicker', 'async.Stockticker@6f0ca692')
18-Jun-2019 12:55:04.376 信息 [http-nio-80-exec-5] org.apache.catalina.core.ApplicationContext.log Marking servlet [RegisterServlet] as unavailable
18-Jun-2019 12:55:04.377 严重 [http-nio-80-exec-5] org.apache.catalina.core.StandardWrapperValve.invoke Allocate exception for servlet [RegisterServlet]
	java.lang.ClassNotFoundException: RegisterServlet
		at org.apache.catalina.loader.WebappClassLoaderBase.loadClass(WebappClassLoaderBase.java:1365)
		at org.apache.catalina.loader.WebappClassLoaderBase.loadClass(WebappClassLoaderBase.java:1188)
		at org.apache.catalina.core.DefaultInstanceManager.loadClass(DefaultInstanceManager.java:540)
		at org.apache.catalina.core.DefaultInstanceManager.loadClassMaybePrivileged(DefaultInstanceManager.java:521)
		at org.apache.catalina.core.DefaultInstanceManager.newInstance(DefaultInstanceManager.java:150)
		at org.apache.catalina.core.StandardWrapper.loadServlet(StandardWrapper.java:1030)
		at org.apache.catalina.core.StandardWrapper.allocate(StandardWrapper.java:761)
		at org.apache.catalina.core.StandardWrapperValve.invoke(StandardWrapperValve.java:135)
		at org.apache.catalina.core.StandardContextValve.invoke(StandardContextValve.java:96)
		at org.apache.catalina.authenticator.AuthenticatorBase.invoke(AuthenticatorBase.java:490)
		at org.apache.catalina.core.StandardHostValve.invoke(StandardHostValve.java:139)
		at org.apache.catalina.valves.ErrorReportValve.invoke(ErrorReportValve.java:92)
		at org.apache.catalina.valves.AbstractAccessLogValve.invoke(AbstractAccessLogValve.java:678)
		at org.apache.catalina.core.StandardEngineValve.invoke(StandardEngineValve.java:74)
		at org.apache.catalina.connector.CoyoteAdapter.service(CoyoteAdapter.java:343)
		at org.apache.coyote.http11.Http11Processor.service(Http11Processor.java:408)
		at org.apache.coyote.AbstractProcessorLight.process(AbstractProcessorLight.java:66)
		at org.apache.coyote.AbstractProtocol$ConnectionHandler.process(AbstractProtocol.java:853)
		at org.apache.tomcat.util.net.NioEndpoint$SocketProcessor.doRun(NioEndpoint.java:1587)
		at org.apache.tomcat.util.net.SocketProcessorBase.run(SocketProcessorBase.java:49)
		at java.base/java.util.concurrent.ThreadPoolExecutor.runWorker(ThreadPoolExecutor.java:1128)
		at java.base/java.util.concurrent.ThreadPoolExecutor$Worker.run(ThreadPoolExecutor.java:628)
		at org.apache.tomcat.util.threads.TaskThread$WrappingRunnable.run(TaskThread.java:61)
		at java.base/java.lang.Thread.run(Thread.java:835)
18-Jun-2019 12:58:18.734 信息 [main] org.apache.catalina.core.ApplicationContext.log SessionListener: contextDestroyed()
18-Jun-2019 12:58:18.734 信息 [main] org.apache.catalina.core.ApplicationContext.log ContextListener: contextDestroyed()
18-Jun-2019 12:58:21.434 信息 [main] org.apache.catalina.core.ApplicationContext.log ContextListener: contextInitialized()
18-Jun-2019 12:58:21.434 信息 [main] org.apache.catalina.core.ApplicationContext.log SessionListener: contextInitialized()
18-Jun-2019 12:58:21.436 信息 [main] org.apache.catalina.core.ApplicationContext.log ContextListener: attributeAdded('StockTicker', 'async.Stockticker@44e3760b')
18-Jun-2019 12:58:27.299 信息 [http-nio-80-exec-4] org.apache.catalina.core.ApplicationContext.log Marking servlet [RegisterServlet] as unavailable
18-Jun-2019 12:58:27.300 严重 [http-nio-80-exec-4] org.apache.catalina.core.StandardWrapperValve.invoke Allocate exception for servlet [RegisterServlet]
	java.lang.ClassNotFoundException: RegisterServlet
		at org.apache.catalina.loader.WebappClassLoaderBase.loadClass(WebappClassLoaderBase.java:1365)
		at org.apache.catalina.loader.WebappClassLoaderBase.loadClass(WebappClassLoaderBase.java:1188)
		at org.apache.catalina.core.DefaultInstanceManager.loadClass(DefaultInstanceManager.java:540)
		at org.apache.catalina.core.DefaultInstanceManager.loadClassMaybePrivileged(DefaultInstanceManager.java:521)
		at org.apache.catalina.core.DefaultInstanceManager.newInstance(DefaultInstanceManager.java:150)
		at org.apache.catalina.core.StandardWrapper.loadServlet(StandardWrapper.java:1030)
		at org.apache.catalina.core.StandardWrapper.allocate(StandardWrapper.java:761)
		at org.apache.catalina.core.StandardWrapperValve.invoke(StandardWrapperValve.java:135)
		at org.apache.catalina.core.StandardContextValve.invoke(StandardContextValve.java:96)
		at org.apache.catalina.authenticator.AuthenticatorBase.invoke(AuthenticatorBase.java:490)
		at org.apache.catalina.core.StandardHostValve.invoke(StandardHostValve.java:139)
		at org.apache.catalina.valves.ErrorReportValve.invoke(ErrorReportValve.java:92)
		at org.apache.catalina.valves.AbstractAccessLogValve.invoke(AbstractAccessLogValve.java:678)
		at org.apache.catalina.core.StandardEngineValve.invoke(StandardEngineValve.java:74)
		at org.apache.catalina.connector.CoyoteAdapter.service(CoyoteAdapter.java:343)
		at org.apache.coyote.http11.Http11Processor.service(Http11Processor.java:408)
		at org.apache.coyote.AbstractProcessorLight.process(AbstractProcessorLight.java:66)
		at org.apache.coyote.AbstractProtocol$ConnectionHandler.process(AbstractProtocol.java:853)
		at org.apache.tomcat.util.net.NioEndpoint$SocketProcessor.doRun(NioEndpoint.java:1587)
		at org.apache.tomcat.util.net.SocketProcessorBase.run(SocketProcessorBase.java:49)
		at java.base/java.util.concurrent.ThreadPoolExecutor.runWorker(ThreadPoolExecutor.java:1128)
		at java.base/java.util.concurrent.ThreadPoolExecutor$Worker.run(ThreadPoolExecutor.java:628)
		at org.apache.tomcat.util.threads.TaskThread$WrappingRunnable.run(TaskThread.java:61)
		at java.base/java.lang.Thread.run(Thread.java:835)
18-Jun-2019 13:07:24.973 信息 [main] org.apache.catalina.core.ApplicationContext.log SessionListener: contextDestroyed()
18-Jun-2019 13:07:24.973 信息 [main] org.apache.catalina.core.ApplicationContext.log ContextListener: contextDestroyed()
18-Jun-2019 13:07:30.990 信息 [main] org.apache.catalina.core.ApplicationContext.log ContextListener: contextInitialized()
18-Jun-2019 13:07:30.990 信息 [main] org.apache.catalina.core.ApplicationContext.log SessionListener: contextInitialized()
18-Jun-2019 13:07:30.994 信息 [main] org.apache.catalina.core.ApplicationContext.log ContextListener: attributeAdded('StockTicker', 'async.Stockticker@7adf16aa')
18-Jun-2019 13:10:39.709 信息 [http-nio-80-exec-1] org.apache.catalina.core.ApplicationContext.log Marking servlet [RegisterServlet] as unavailable
18-Jun-2019 13:10:39.710 严重 [http-nio-80-exec-1] org.apache.catalina.core.StandardWrapperValve.invoke Allocate exception for servlet [RegisterServlet]
	java.lang.ClassNotFoundException: RegisterServlet
		at org.apache.catalina.loader.WebappClassLoaderBase.loadClass(WebappClassLoaderBase.java:1365)
		at org.apache.catalina.loader.WebappClassLoaderBase.loadClass(WebappClassLoaderBase.java:1188)
		at org.apache.catalina.core.DefaultInstanceManager.loadClass(DefaultInstanceManager.java:540)
		at org.apache.catalina.core.DefaultInstanceManager.loadClassMaybePrivileged(DefaultInstanceManager.java:521)
		at org.apache.catalina.core.DefaultInstanceManager.newInstance(DefaultInstanceManager.java:150)
		at org.apache.catalina.core.StandardWrapper.loadServlet(StandardWrapper.java:1030)
		at org.apache.catalina.core.StandardWrapper.allocate(StandardWrapper.java:761)
		at org.apache.catalina.core.StandardWrapperValve.invoke(StandardWrapperValve.java:135)
		at org.apache.catalina.core.StandardContextValve.invoke(StandardContextValve.java:96)
		at org.apache.catalina.authenticator.AuthenticatorBase.invoke(AuthenticatorBase.java:490)
		at org.apache.catalina.core.StandardHostValve.invoke(StandardHostValve.java:139)
		at org.apache.catalina.valves.ErrorReportValve.invoke(ErrorReportValve.java:92)
		at org.apache.catalina.valves.AbstractAccessLogValve.invoke(AbstractAccessLogValve.java:678)
		at org.apache.catalina.core.StandardEngineValve.invoke(StandardEngineValve.java:74)
		at org.apache.catalina.connector.CoyoteAdapter.service(CoyoteAdapter.java:343)
		at org.apache.coyote.http11.Http11Processor.service(Http11Processor.java:408)
		at org.apache.coyote.AbstractProcessorLight.process(AbstractProcessorLight.java:66)
		at org.apache.coyote.AbstractProtocol$ConnectionHandler.process(AbstractProtocol.java:853)
		at org.apache.tomcat.util.net.NioEndpoint$SocketProcessor.doRun(NioEndpoint.java:1587)
		at org.apache.tomcat.util.net.SocketProcessorBase.run(SocketProcessorBase.java:49)
		at java.base/java.util.concurrent.ThreadPoolExecutor.runWorker(ThreadPoolExecutor.java:1128)
		at java.base/java.util.concurrent.ThreadPoolExecutor$Worker.run(ThreadPoolExecutor.java:628)
		at org.apache.tomcat.util.threads.TaskThread$WrappingRunnable.run(TaskThread.java:61)
		at java.base/java.lang.Thread.run(Thread.java:835)
18-Jun-2019 13:27:26.117 信息 [main] org.apache.catalina.core.ApplicationContext.log SessionListener: contextDestroyed()
18-Jun-2019 13:27:26.117 信息 [main] org.apache.catalina.core.ApplicationContext.log ContextListener: contextDestroyed()
18-Jun-2019 13:32:14.564 信息 [main] org.apache.catalina.core.ApplicationContext.log ContextListener: contextInitialized()
18-Jun-2019 13:32:14.564 信息 [main] org.apache.catalina.core.ApplicationContext.log SessionListener: contextInitialized()
18-Jun-2019 13:32:14.567 信息 [main] org.apache.catalina.core.ApplicationContext.log ContextListener: attributeAdded('StockTicker', 'async.Stockticker@2c104774')
18-Jun-2019 13:33:33.747 信息 [http-nio-80-exec-1] org.apache.catalina.core.ApplicationContext.log Marking servlet [RegisterServlet] as unavailable
18-Jun-2019 13:33:33.748 严重 [http-nio-80-exec-1] org.apache.catalina.core.StandardWrapperValve.invoke Allocate exception for servlet [RegisterServlet]
	java.lang.ClassNotFoundException: RegisterServlet
		at org.apache.catalina.loader.WebappClassLoaderBase.loadClass(WebappClassLoaderBase.java:1365)
		at org.apache.catalina.loader.WebappClassLoaderBase.loadClass(WebappClassLoaderBase.java:1188)
		at org.apache.catalina.core.DefaultInstanceManager.loadClass(DefaultInstanceManager.java:540)
		at org.apache.catalina.core.DefaultInstanceManager.loadClassMaybePrivileged(DefaultInstanceManager.java:521)
		at org.apache.catalina.core.DefaultInstanceManager.newInstance(DefaultInstanceManager.java:150)
		at org.apache.catalina.core.StandardWrapper.loadServlet(StandardWrapper.java:1030)
		at org.apache.catalina.core.StandardWrapper.allocate(StandardWrapper.java:761)
		at org.apache.catalina.core.StandardWrapperValve.invoke(StandardWrapperValve.java:135)
		at org.apache.catalina.core.StandardContextValve.invoke(StandardContextValve.java:96)
		at org.apache.catalina.authenticator.AuthenticatorBase.invoke(AuthenticatorBase.java:490)
		at org.apache.catalina.core.StandardHostValve.invoke(StandardHostValve.java:139)
		at org.apache.catalina.valves.ErrorReportValve.invoke(ErrorReportValve.java:92)
		at org.apache.catalina.valves.AbstractAccessLogValve.invoke(AbstractAccessLogValve.java:678)
		at org.apache.catalina.core.StandardEngineValve.invoke(StandardEngineValve.java:74)
		at org.apache.catalina.connector.CoyoteAdapter.service(CoyoteAdapter.java:343)
		at org.apache.coyote.http11.Http11Processor.service(Http11Processor.java:408)
		at org.apache.coyote.AbstractProcessorLight.process(AbstractProcessorLight.java:66)
		at org.apache.coyote.AbstractProtocol$ConnectionHandler.process(AbstractProtocol.java:853)
		at org.apache.tomcat.util.net.NioEndpoint$SocketProcessor.doRun(NioEndpoint.java:1587)
		at org.apache.tomcat.util.net.SocketProcessorBase.run(SocketProcessorBase.java:49)
		at java.base/java.util.concurrent.ThreadPoolExecutor.runWorker(ThreadPoolExecutor.java:1128)
		at java.base/java.util.concurrent.ThreadPoolExecutor$Worker.run(ThreadPoolExecutor.java:628)
		at org.apache.tomcat.util.threads.TaskThread$WrappingRunnable.run(TaskThread.java:61)
		at java.base/java.lang.Thread.run(Thread.java:835)
18-Jun-2019 13:40:40.356 信息 [main] org.apache.catalina.core.ApplicationContext.log SessionListener: contextDestroyed()
18-Jun-2019 13:40:40.357 信息 [main] org.apache.catalina.core.ApplicationContext.log ContextListener: contextDestroyed()
18-Jun-2019 13:40:44.729 信息 [main] org.apache.catalina.core.ApplicationContext.log ContextListener: contextInitialized()
18-Jun-2019 13:40:44.729 信息 [main] org.apache.catalina.core.ApplicationContext.log SessionListener: contextInitialized()
18-Jun-2019 13:40:44.731 信息 [main] org.apache.catalina.core.ApplicationContext.log ContextListener: attributeAdded('StockTicker', 'async.Stockticker@16f7b4af')
18-Jun-2019 14:22:26.254 信息 [main] org.apache.catalina.core.ApplicationContext.log SessionListener: contextDestroyed()
18-Jun-2019 14:22:26.254 信息 [main] org.apache.catalina.core.ApplicationContext.log ContextListener: contextDestroyed()
18-Jun-2019 14:22:28.632 信息 [main] org.apache.catalina.core.ApplicationContext.log Marking servlet [HelloServlet] as unavailable
18-Jun-2019 14:22:28.633 严重 [main] org.apache.catalina.core.StandardContext.loadOnStartup Servlet [HelloServlet] in web application [/web] threw load() exception
	java.lang.ClassNotFoundException: HelloServlet
		at org.apache.catalina.loader.WebappClassLoaderBase.loadClass(WebappClassLoaderBase.java:1365)
		at org.apache.catalina.loader.WebappClassLoaderBase.loadClass(WebappClassLoaderBase.java:1188)
		at org.apache.catalina.core.DefaultInstanceManager.loadClass(DefaultInstanceManager.java:540)
		at org.apache.catalina.core.DefaultInstanceManager.loadClassMaybePrivileged(DefaultInstanceManager.java:521)
		at org.apache.catalina.core.DefaultInstanceManager.newInstance(DefaultInstanceManager.java:150)
		at org.apache.catalina.core.StandardWrapper.loadServlet(StandardWrapper.java:1030)
		at org.apache.catalina.core.StandardWrapper.load(StandardWrapper.java:971)
		at org.apache.catalina.core.StandardContext.loadOnStartup(StandardContext.java:4868)
		at org.apache.catalina.core.StandardContext.startInternal(StandardContext.java:5177)
		at org.apache.catalina.util.LifecycleBase.start(LifecycleBase.java:183)
		at org.apache.catalina.core.ContainerBase.addChildInternal(ContainerBase.java:717)
		at org.apache.catalina.core.ContainerBase.addChild(ContainerBase.java:690)
		at org.apache.catalina.core.StandardHost.addChild(StandardHost.java:705)
		at org.apache.catalina.startup.HostConfig.deployDescriptor(HostConfig.java:631)
		at org.apache.catalina.startup.HostConfig$DeployDescriptor.run(HostConfig.java:1831)
		at java.base/java.util.concurrent.Executors$RunnableAdapter.call(Executors.java:515)
		at java.base/java.util.concurrent.FutureTask.run(FutureTask.java:264)
		at org.apache.tomcat.util.threads.InlineExecutorService.execute(InlineExecutorService.java:75)
		at java.base/java.util.concurrent.AbstractExecutorService.submit(AbstractExecutorService.java:118)
		at org.apache.catalina.startup.HostConfig.deployDescriptors(HostConfig.java:526)
		at org.apache.catalina.startup.HostConfig.deployApps(HostConfig.java:425)
		at org.apache.catalina.startup.HostConfig.start(HostConfig.java:1576)
		at org.apache.catalina.startup.HostConfig.lifecycleEvent(HostConfig.java:309)
		at org.apache.catalina.util.LifecycleBase.fireLifecycleEvent(LifecycleBase.java:123)
		at org.apache.catalina.util.LifecycleBase.setStateInternal(LifecycleBase.java:423)
		at org.apache.catalina.util.LifecycleBase.setState(LifecycleBase.java:366)
		at org.apache.catalina.core.ContainerBase.startInternal(ContainerBase.java:936)
		at org.apache.catalina.core.StandardHost.startInternal(StandardHost.java:841)
		at org.apache.catalina.util.LifecycleBase.start(LifecycleBase.java:183)
		at org.apache.catalina.core.ContainerBase$StartChild.call(ContainerBase.java:1384)
		at org.apache.catalina.core.ContainerBase$StartChild.call(ContainerBase.java:1374)
		at java.base/java.util.concurrent.FutureTask.run(FutureTask.java:264)
		at org.apache.tomcat.util.threads.InlineExecutorService.execute(InlineExecutorService.java:75)
		at java.base/java.util.concurrent.AbstractExecutorService.submit(AbstractExecutorService.java:140)
		at org.apache.catalina.core.ContainerBase.startInternal(ContainerBase.java:909)
		at org.apache.catalina.core.StandardEngine.startInternal(StandardEngine.java:262)
		at org.apache.catalina.util.LifecycleBase.start(LifecycleBase.java:183)
		at org.apache.catalina.core.StandardService.startInternal(StandardService.java:421)
		at org.apache.catalina.util.LifecycleBase.start(LifecycleBase.java:183)
		at org.apache.catalina.core.StandardServer.startInternal(StandardServer.java:932)
		at org.apache.catalina.util.LifecycleBase.start(LifecycleBase.java:183)
		at org.apache.catalina.startup.Catalina.start(Catalina.java:633)
		at java.base/jdk.internal.reflect.NativeMethodAccessorImpl.invoke0(Native Method)
		at java.base/jdk.internal.reflect.NativeMethodAccessorImpl.invoke(NativeMethodAccessorImpl.java:62)
		at java.base/jdk.internal.reflect.DelegatingMethodAccessorImpl.invoke(DelegatingMethodAccessorImpl.java:43)
		at java.base/java.lang.reflect.Method.invoke(Method.java:567)
		at org.apache.catalina.startup.Bootstrap.start(Bootstrap.java:344)
		at org.apache.catalina.startup.Bootstrap.main(Bootstrap.java:475)
18-Jun-2019 14:22:29.032 信息 [main] org.apache.catalina.core.ApplicationContext.log ContextListener: contextInitialized()
18-Jun-2019 14:22:29.032 信息 [main] org.apache.catalina.core.ApplicationContext.log SessionListener: contextInitialized()
18-Jun-2019 14:22:29.033 信息 [main] org.apache.catalina.core.ApplicationContext.log ContextListener: attributeAdded('StockTicker', 'async.Stockticker@7adf16aa')
18-Jun-2019 14:37:48.429 信息 [main] org.apache.catalina.core.ApplicationContext.log SessionListener: contextDestroyed()
18-Jun-2019 14:37:48.429 信息 [main] org.apache.catalina.core.ApplicationContext.log ContextListener: contextDestroyed()
18-Jun-2019 14:37:52.547 信息 [main] org.apache.catalina.core.ApplicationContext.log ContextListener: contextInitialized()
18-Jun-2019 14:37:52.547 信息 [main] org.apache.catalina.core.ApplicationContext.log SessionListener: contextInitialized()
18-Jun-2019 14:37:52.549 信息 [main] org.apache.catalina.core.ApplicationContext.log ContextListener: attributeAdded('StockTicker', 'async.Stockticker@4ba534b0')
18-Jun-2019 14:52:08.808 信息 [main] org.apache.catalina.core.ApplicationContext.log SessionListener: contextDestroyed()
18-Jun-2019 14:52:08.809 信息 [main] org.apache.catalina.core.ApplicationContext.log ContextListener: contextDestroyed()
18-Jun-2019 14:52:12.122 信息 [main] org.apache.catalina.core.ApplicationContext.log ContextListener: contextInitialized()
18-Jun-2019 14:52:12.122 信息 [main] org.apache.catalina.core.ApplicationContext.log SessionListener: contextInitialized()
18-Jun-2019 14:52:12.125 信息 [main] org.apache.catalina.core.ApplicationContext.log ContextListener: attributeAdded('StockTicker', 'async.Stockticker@7adf16aa')
18-Jun-2019 14:54:41.168 信息 [main] org.apache.catalina.core.ApplicationContext.log SessionListener: contextDestroyed()
18-Jun-2019 14:54:41.168 信息 [main] org.apache.catalina.core.ApplicationContext.log ContextListener: contextDestroyed()
18-Jun-2019 14:54:44.066 信息 [main] org.apache.catalina.core.ApplicationContext.log ContextListener: contextInitialized()
18-Jun-2019 14:54:44.066 信息 [main] org.apache.catalina.core.ApplicationContext.log SessionListener: contextInitialized()
18-Jun-2019 14:54:44.068 信息 [main] org.apache.catalina.core.ApplicationContext.log ContextListener: attributeAdded('StockTicker', 'async.Stockticker@34a1d21f')
18-Jun-2019 14:59:25.686 信息 [main] org.apache.catalina.core.ApplicationContext.log SessionListener: contextDestroyed()
18-Jun-2019 14:59:25.686 信息 [main] org.apache.catalina.core.ApplicationContext.log ContextListener: contextDestroyed()
18-Jun-2019 14:59:28.605 信息 [main] org.apache.catalina.core.ApplicationContext.log ContextListener: contextInitialized()
18-Jun-2019 14:59:28.606 信息 [main] org.apache.catalina.core.ApplicationContext.log SessionListener: contextInitialized()
18-Jun-2019 14:59:28.607 信息 [main] org.apache.catalina.core.ApplicationContext.log ContextListener: attributeAdded('StockTicker', 'async.Stockticker@34a1d21f')
18-Jun-2019 15:00:28.993 信息 [main] org.apache.catalina.core.ApplicationContext.log SessionListener: contextDestroyed()
18-Jun-2019 15:00:28.994 信息 [main] org.apache.catalina.core.ApplicationContext.log ContextListener: contextDestroyed()
18-Jun-2019 15:00:34.854 信息 [main] org.apache.catalina.core.ApplicationContext.log ContextListener: contextInitialized()
18-Jun-2019 15:00:34.855 信息 [main] org.apache.catalina.core.ApplicationContext.log SessionListener: contextInitialized()
18-Jun-2019 15:00:34.856 信息 [main] org.apache.catalina.core.ApplicationContext.log ContextListener: attributeAdded('StockTicker', 'async.Stockticker@44e3760b')
18-Jun-2019 15:02:26.731 信息 [main] org.apache.catalina.core.ApplicationContext.log SessionListener: contextDestroyed()
18-Jun-2019 15:02:26.732 信息 [main] org.apache.catalina.core.ApplicationContext.log ContextListener: contextDestroyed()
18-Jun-2019 15:02:29.945 信息 [main] org.apache.catalina.core.ApplicationContext.log ContextListener: contextInitialized()
18-Jun-2019 15:02:29.945 信息 [main] org.apache.catalina.core.ApplicationContext.log SessionListener: contextInitialized()
18-Jun-2019 15:02:29.947 信息 [main] org.apache.catalina.core.ApplicationContext.log ContextListener: attributeAdded('StockTicker', 'async.Stockticker@4ba534b0')
18-Jun-2019 15:03:51.164 信息 [main] org.apache.catalina.core.ApplicationContext.log SessionListener: contextDestroyed()
18-Jun-2019 15:03:51.164 信息 [main] org.apache.catalina.core.ApplicationContext.log ContextListener: contextDestroyed()
18-Jun-2019 15:03:54.215 信息 [main] org.apache.catalina.core.ApplicationContext.log ContextListener: contextInitialized()
18-Jun-2019 15:03:54.216 信息 [main] org.apache.catalina.core.ApplicationContext.log SessionListener: contextInitialized()
18-Jun-2019 15:03:54.217 信息 [main] org.apache.catalina.core.ApplicationContext.log ContextListener: attributeAdded('StockTicker', 'async.Stockticker@2c104774')
18-Jun-2019 15:06:01.595 信息 [main] org.apache.catalina.core.ApplicationContext.log SessionListener: contextDestroyed()
18-Jun-2019 15:06:01.595 信息 [main] org.apache.catalina.core.ApplicationContext.log ContextListener: contextDestroyed()
18-Jun-2019 15:06:04.442 信息 [main] org.apache.catalina.core.ApplicationContext.log ContextListener: contextInitialized()
18-Jun-2019 15:06:04.442 信息 [main] org.apache.catalina.core.ApplicationContext.log SessionListener: contextInitialized()
18-Jun-2019 15:06:04.444 信息 [main] org.apache.catalina.core.ApplicationContext.log ContextListener: attributeAdded('StockTicker', 'async.Stockticker@4ba534b0')
18-Jun-2019 15:10:06.470 信息 [main] org.apache.catalina.core.ApplicationContext.log SessionListener: contextDestroyed()
18-Jun-2019 15:10:06.470 信息 [main] org.apache.catalina.core.ApplicationContext.log ContextListener: contextDestroyed()
18-Jun-2019 15:10:09.814 信息 [main] org.apache.catalina.core.ApplicationContext.log ContextListener: contextInitialized()
18-Jun-2019 15:10:09.814 信息 [main] org.apache.catalina.core.ApplicationContext.log SessionListener: contextInitialized()
18-Jun-2019 15:10:09.816 信息 [main] org.apache.catalina.core.ApplicationContext.log ContextListener: attributeAdded('StockTicker', 'async.Stockticker@7e3f95fe')
18-Jun-2019 15:11:55.294 信息 [main] org.apache.catalina.core.ApplicationContext.log SessionListener: contextDestroyed()
18-Jun-2019 15:11:55.294 信息 [main] org.apache.catalina.core.ApplicationContext.log ContextListener: contextDestroyed()
18-Jun-2019 15:11:58.331 信息 [main] org.apache.catalina.core.ApplicationContext.log ContextListener: contextInitialized()
18-Jun-2019 15:11:58.332 信息 [main] org.apache.catalina.core.ApplicationContext.log SessionListener: contextInitialized()
18-Jun-2019 15:11:58.334 信息 [main] org.apache.catalina.core.ApplicationContext.log ContextListener: attributeAdded('StockTicker', 'async.Stockticker@2c7d121c')
18-Jun-2019 15:12:28.210 信息 [main] org.apache.catalina.core.ApplicationContext.log SessionListener: contextDestroyed()
18-Jun-2019 15:12:28.210 信息 [main] org.apache.catalina.core.ApplicationContext.log ContextListener: contextDestroyed()
18-Jun-2019 15:12:31.020 信息 [main] org.apache.catalina.core.ApplicationContext.log ContextListener: contextInitialized()
18-Jun-2019 15:12:31.020 信息 [main] org.apache.catalina.core.ApplicationContext.log SessionListener: contextInitialized()
18-Jun-2019 15:12:31.022 信息 [main] org.apache.catalina.core.ApplicationContext.log ContextListener: attributeAdded('StockTicker', 'async.Stockticker@1d7f7be7')
18-Jun-2019 15:13:24.790 信息 [main] org.apache.catalina.core.ApplicationContext.log SessionListener: contextDestroyed()
18-Jun-2019 15:13:24.791 信息 [main] org.apache.catalina.core.ApplicationContext.log ContextListener: contextDestroyed()
18-Jun-2019 15:13:27.858 信息 [main] org.apache.catalina.core.ApplicationContext.log ContextListener: contextInitialized()
18-Jun-2019 15:13:27.858 信息 [main] org.apache.catalina.core.ApplicationContext.log SessionListener: contextInitialized()
18-Jun-2019 15:13:27.862 信息 [main] org.apache.catalina.core.ApplicationContext.log ContextListener: attributeAdded('StockTicker', 'async.Stockticker@f27ea3')
18-Jun-2019 15:17:13.404 信息 [main] org.apache.catalina.core.ApplicationContext.log SessionListener: contextDestroyed()
18-Jun-2019 15:17:13.404 信息 [main] org.apache.catalina.core.ApplicationContext.log ContextListener: contextDestroyed()
18-Jun-2019 15:17:16.950 信息 [main] org.apache.catalina.core.ApplicationContext.log ContextListener: contextInitialized()
18-Jun-2019 15:17:16.950 信息 [main] org.apache.catalina.core.ApplicationContext.log SessionListener: contextInitialized()
18-Jun-2019 15:17:16.952 信息 [main] org.apache.catalina.core.ApplicationContext.log ContextListener: attributeAdded('StockTicker', 'async.Stockticker@10fde30a')
18-Jun-2019 15:17:35.445 信息 [main] org.apache.catalina.core.ApplicationContext.log SessionListener: contextDestroyed()
18-Jun-2019 15:17:35.446 信息 [main] org.apache.catalina.core.ApplicationContext.log ContextListener: contextDestroyed()
18-Jun-2019 15:17:37.996 信息 [main] org.apache.catalina.core.ApplicationContext.log ContextListener: contextInitialized()
18-Jun-2019 15:17:37.996 信息 [main] org.apache.catalina.core.ApplicationContext.log SessionListener: contextInitialized()
18-Jun-2019 15:17:37.997 信息 [main] org.apache.catalina.core.ApplicationContext.log ContextListener: attributeAdded('StockTicker', 'async.Stockticker@34a75079')
18-Jun-2019 15:19:40.060 信息 [main] org.apache.catalina.core.ApplicationContext.log SessionListener: contextDestroyed()
18-Jun-2019 15:19:40.061 信息 [main] org.apache.catalina.core.ApplicationContext.log ContextListener: contextDestroyed()
18-Jun-2019 15:19:43.089 信息 [main] org.apache.catalina.core.ApplicationContext.log ContextListener: contextInitialized()
18-Jun-2019 15:19:43.089 信息 [main] org.apache.catalina.core.ApplicationContext.log SessionListener: contextInitialized()
18-Jun-2019 15:19:43.093 信息 [main] org.apache.catalina.core.ApplicationContext.log ContextListener: attributeAdded('StockTicker', 'async.Stockticker@2c7d121c')
18-Jun-2019 15:22:08.023 信息 [main] org.apache.catalina.core.ApplicationContext.log SessionListener: contextDestroyed()
18-Jun-2019 15:22:08.023 信息 [main] org.apache.catalina.core.ApplicationContext.log ContextListener: contextDestroyed()
18-Jun-2019 15:22:11.130 信息 [main] org.apache.catalina.core.ApplicationContext.log ContextListener: contextInitialized()
18-Jun-2019 15:22:11.130 信息 [main] org.apache.catalina.core.ApplicationContext.log SessionListener: contextInitialized()
18-Jun-2019 15:22:11.133 信息 [main] org.apache.catalina.core.ApplicationContext.log ContextListener: attributeAdded('StockTicker', 'async.Stockticker@3383649e')
18-Jun-2019 15:23:04.757 信息 [main] org.apache.catalina.core.ApplicationContext.log SessionListener: contextDestroyed()
18-Jun-2019 15:23:04.758 信息 [main] org.apache.catalina.core.ApplicationContext.log ContextListener: contextDestroyed()
18-Jun-2019 15:23:08.267 信息 [main] org.apache.catalina.core.ApplicationContext.log ContextListener: contextInitialized()
18-Jun-2019 15:23:08.267 信息 [main] org.apache.catalina.core.ApplicationContext.log SessionListener: contextInitialized()
18-Jun-2019 15:23:08.271 信息 [main] org.apache.catalina.core.ApplicationContext.log ContextListener: attributeAdded('StockTicker', 'async.Stockticker@533377b')
18-Jun-2019 15:24:02.537 信息 [main] org.apache.catalina.core.ApplicationContext.log SessionListener: contextDestroyed()
18-Jun-2019 15:24:02.537 信息 [main] org.apache.catalina.core.ApplicationContext.log ContextListener: contextDestroyed()
18-Jun-2019 15:24:05.704 信息 [main] org.apache.catalina.core.ApplicationContext.log ContextListener: contextInitialized()
18-Jun-2019 15:24:05.704 信息 [main] org.apache.catalina.core.ApplicationContext.log SessionListener: contextInitialized()
18-Jun-2019 15:24:05.706 信息 [main] org.apache.catalina.core.ApplicationContext.log ContextListener: attributeAdded('StockTicker', 'async.Stockticker@1d7f7be7')
18-Jun-2019 15:25:31.319 信息 [main] org.apache.catalina.core.ApplicationContext.log SessionListener: contextDestroyed()
18-Jun-2019 15:25:31.319 信息 [main] org.apache.catalina.core.ApplicationContext.log ContextListener: contextDestroyed()
18-Jun-2019 15:25:34.759 信息 [main] org.apache.catalina.core.ApplicationContext.log ContextListener: contextInitialized()
18-Jun-2019 15:25:34.762 信息 [main] org.apache.catalina.core.ApplicationContext.log SessionListener: contextInitialized()
18-Jun-2019 15:25:34.764 信息 [main] org.apache.catalina.core.ApplicationContext.log ContextListener: attributeAdded('StockTicker', 'async.Stockticker@3383649e')
18-Jun-2019 15:28:20.481 信息 [main] org.apache.catalina.core.ApplicationContext.log SessionListener: contextDestroyed()
18-Jun-2019 15:28:20.481 信息 [main] org.apache.catalina.core.ApplicationContext.log ContextListener: contextDestroyed()
18-Jun-2019 15:28:23.874 信息 [main] org.apache.catalina.core.ApplicationContext.log ContextListener: contextInitialized()
18-Jun-2019 15:28:23.874 信息 [main] org.apache.catalina.core.ApplicationContext.log SessionListener: contextInitialized()
18-Jun-2019 15:28:23.894 信息 [main] org.apache.catalina.core.ApplicationContext.log ContextListener: attributeAdded('StockTicker', 'async.Stockticker@2c7d121c')
18-Jun-2019 15:30:04.000 信息 [main] org.apache.catalina.core.ApplicationContext.log SessionListener: contextDestroyed()
18-Jun-2019 15:30:04.000 信息 [main] org.apache.catalina.core.ApplicationContext.log ContextListener: contextDestroyed()
18-Jun-2019 15:30:06.841 信息 [main] org.apache.catalina.core.ApplicationContext.log ContextListener: contextInitialized()
18-Jun-2019 15:30:06.842 信息 [main] org.apache.catalina.core.ApplicationContext.log SessionListener: contextInitialized()
18-Jun-2019 15:30:06.843 信息 [main] org.apache.catalina.core.ApplicationContext.log ContextListener: attributeAdded('StockTicker', 'async.Stockticker@24bdb479')
18-Jun-2019 15:33:32.591 信息 [main] org.apache.catalina.core.ApplicationContext.log SessionListener: contextDestroyed()
18-Jun-2019 15:33:32.591 信息 [main] org.apache.catalina.core.ApplicationContext.log ContextListener: contextDestroyed()
18-Jun-2019 15:33:35.383 信息 [main] org.apache.catalina.core.ApplicationContext.log ContextListener: contextInitialized()
18-Jun-2019 15:33:35.384 信息 [main] org.apache.catalina.core.ApplicationContext.log SessionListener: contextInitialized()
18-Jun-2019 15:33:35.385 信息 [main] org.apache.catalina.core.ApplicationContext.log ContextListener: attributeAdded('StockTicker', 'async.Stockticker@f27ea3')
18-Jun-2019 15:57:20.792 信息 [main] org.apache.catalina.core.ApplicationContext.log SessionListener: contextDestroyed()
18-Jun-2019 15:57:20.793 信息 [main] org.apache.catalina.core.ApplicationContext.log ContextListener: contextDestroyed()
18-Jun-2019 15:57:24.300 信息 [main] org.apache.catalina.core.ApplicationContext.log ContextListener: contextInitialized()
18-Jun-2019 15:57:24.300 信息 [main] org.apache.catalina.core.ApplicationContext.log SessionListener: contextInitialized()
18-Jun-2019 15:57:24.302 信息 [main] org.apache.catalina.core.ApplicationContext.log ContextListener: attributeAdded('StockTicker', 'async.Stockticker@7e3f95fe')
18-Jun-2019 15:57:39.162 信息 [main] org.apache.catalina.core.ApplicationContext.log SessionListener: contextDestroyed()
18-Jun-2019 15:57:39.162 信息 [main] org.apache.catalina.core.ApplicationContext.log ContextListener: contextDestroyed()
18-Jun-2019 15:57:41.997 信息 [main] org.apache.catalina.core.ApplicationContext.log ContextListener: contextInitialized()
18-Jun-2019 15:57:41.998 信息 [main] org.apache.catalina.core.ApplicationContext.log SessionListener: contextInitialized()
18-Jun-2019 15:57:42.002 信息 [main] org.apache.catalina.core.ApplicationContext.log ContextListener: attributeAdded('StockTicker', 'async.Stockticker@427b5f92')
18-Jun-2019 19:23:26.783 信息 [main] org.apache.catalina.core.ApplicationContext.log SessionListener: contextDestroyed()
18-Jun-2019 19:23:26.783 信息 [main] org.apache.catalina.core.ApplicationContext.log ContextListener: contextDestroyed()
18-Jun-2019 19:23:43.020 信息 [main] org.apache.catalina.core.ApplicationContext.log ContextListener: contextInitialized()
18-Jun-2019 19:23:43.020 信息 [main] org.apache.catalina.core.ApplicationContext.log SessionListener: contextInitialized()
18-Jun-2019 19:23:43.023 信息 [main] org.apache.catalina.core.ApplicationContext.log ContextListener: attributeAdded('StockTicker', 'async.Stockticker@1ce61929')
18-Jun-2019 20:01:42.729 信息 [main] org.apache.catalina.core.ApplicationContext.log SessionListener: contextDestroyed()
18-Jun-2019 20:01:42.729 信息 [main] org.apache.catalina.core.ApplicationContext.log ContextListener: contextDestroyed()
18-Jun-2019 20:01:46.509 信息 [main] org.apache.catalina.core.ApplicationContext.log ContextListener: contextInitialized()
18-Jun-2019 20:01:46.515 信息 [main] org.apache.catalina.core.ApplicationContext.log SessionListener: contextInitialized()
18-Jun-2019 20:01:46.517 信息 [main] org.apache.catalina.core.ApplicationContext.log ContextListener: attributeAdded('StockTicker', 'async.Stockticker@f27ea3')
18-Jun-2019 20:03:05.169 信息 [main] org.apache.catalina.core.ApplicationContext.log SessionListener: contextDestroyed()
18-Jun-2019 20:03:05.169 信息 [main] org.apache.catalina.core.ApplicationContext.log ContextListener: contextDestroyed()
18-Jun-2019 20:03:07.785 信息 [main] org.apache.catalina.core.ApplicationContext.log ContextListener: contextInitialized()
18-Jun-2019 20:03:07.785 信息 [main] org.apache.catalina.core.ApplicationContext.log SessionListener: contextInitialized()
18-Jun-2019 20:03:07.787 信息 [main] org.apache.catalina.core.ApplicationContext.log ContextListener: attributeAdded('StockTicker', 'async.Stockticker@6e4de19b')
18-Jun-2019 20:04:08.488 信息 [main] org.apache.catalina.core.ApplicationContext.log SessionListener: contextDestroyed()
18-Jun-2019 20:04:08.488 信息 [main] org.apache.catalina.core.ApplicationContext.log ContextListener: contextDestroyed()
18-Jun-2019 20:04:11.203 信息 [main] org.apache.catalina.core.ApplicationContext.log ContextListener: contextInitialized()
18-Jun-2019 20:04:11.203 信息 [main] org.apache.catalina.core.ApplicationContext.log SessionListener: contextInitialized()
18-Jun-2019 20:04:11.206 信息 [main] org.apache.catalina.core.ApplicationContext.log ContextListener: attributeAdded('StockTicker', 'async.Stockticker@59d2103b')
18-Jun-2019 21:27:34.139 信息 [main] org.apache.catalina.core.ApplicationContext.log SessionListener: contextDestroyed()
18-Jun-2019 21:27:34.140 信息 [main] org.apache.catalina.core.ApplicationContext.log ContextListener: contextDestroyed()
18-Jun-2019 21:27:36.789 信息 [main] org.apache.catalina.core.ApplicationContext.log ContextListener: contextInitialized()
18-Jun-2019 21:27:36.790 信息 [main] org.apache.catalina.core.ApplicationContext.log SessionListener: contextInitialized()
18-Jun-2019 21:27:36.792 信息 [main] org.apache.catalina.core.ApplicationContext.log ContextListener: attributeAdded('StockTicker', 'async.Stockticker@18518ccf')
18-Jun-2019 22:05:25.101 信息 [main] org.apache.catalina.core.ApplicationContext.log SessionListener: contextDestroyed()
18-Jun-2019 22:05:25.101 信息 [main] org.apache.catalina.core.ApplicationContext.log ContextListener: contextDestroyed()
18-Jun-2019 22:05:27.641 信息 [main] org.apache.catalina.core.ApplicationContext.log ContextListener: contextInitialized()
18-Jun-2019 22:05:27.641 信息 [main] org.apache.catalina.core.ApplicationContext.log SessionListener: contextInitialized()
18-Jun-2019 22:05:27.642 信息 [main] org.apache.catalina.core.ApplicationContext.log ContextListener: attributeAdded('StockTicker', 'async.Stockticker@768ccdc5')
18-Jun-2019 22:08:13.834 信息 [main] org.apache.catalina.core.ApplicationContext.log SessionListener: contextDestroyed()
18-Jun-2019 22:08:13.835 信息 [main] org.apache.catalina.core.ApplicationContext.log ContextListener: contextDestroyed()
18-Jun-2019 22:30:02.121 信息 [main] org.apache.catalina.core.ApplicationContext.log ContextListener: contextInitialized()
18-Jun-2019 22:30:02.121 信息 [main] org.apache.catalina.core.ApplicationContext.log SessionListener: contextInitialized()
18-Jun-2019 22:30:02.123 信息 [main] org.apache.catalina.core.ApplicationContext.log ContextListener: attributeAdded('StockTicker', 'async.Stockticker@59d2103b')
18-Jun-2019 22:33:08.352 信息 [main] org.apache.catalina.core.ApplicationContext.log SessionListener: contextDestroyed()
18-Jun-2019 22:33:08.352 信息 [main] org.apache.catalina.core.ApplicationContext.log ContextListener: contextDestroyed()
18-Jun-2019 22:40:50.165 信息 [main] org.apache.catalina.core.ApplicationContext.log ContextListener: contextInitialized()
18-Jun-2019 22:40:50.165 信息 [main] org.apache.catalina.core.ApplicationContext.log SessionListener: contextInitialized()
18-Jun-2019 22:40:50.167 信息 [main] org.apache.catalina.core.ApplicationContext.log ContextListener: attributeAdded('StockTicker', 'async.Stockticker@741b3bc3')
