15-Jun-2019 11:54:51.249 信息 [main] org.apache.catalina.core.ApplicationContext.log ContextListener: contextInitialized()
15-Jun-2019 11:54:51.249 信息 [main] org.apache.catalina.core.ApplicationContext.log SessionListener: contextInitialized()
15-Jun-2019 11:54:51.258 信息 [main] org.apache.catalina.core.ApplicationContext.log ContextListener: attributeAdded('StockTicker', 'async.Stockticker@2e54db99')
15-Jun-2019 12:24:52.131 信息 [main] org.apache.catalina.core.ApplicationContext.log SessionListener: contextDestroyed()
15-Jun-2019 12:24:52.131 信息 [main] org.apache.catalina.core.ApplicationContext.log ContextListener: contextDestroyed()
15-Jun-2019 12:25:03.841 信息 [main] org.apache.catalina.core.ApplicationContext.log ContextListener: contextInitialized()
15-Jun-2019 12:25:03.841 信息 [main] org.apache.catalina.core.ApplicationContext.log SessionListener: contextInitialized()
15-Jun-2019 12:25:03.843 信息 [main] org.apache.catalina.core.ApplicationContext.log ContextListener: attributeAdded('StockTicker', 'async.Stockticker@3234f74e')
15-Jun-2019 12:28:47.563 信息 [main] org.apache.catalina.core.ApplicationContext.log SessionListener: contextDestroyed()
15-Jun-2019 12:28:47.563 信息 [main] org.apache.catalina.core.ApplicationContext.log ContextListener: contextDestroyed()
15-Jun-2019 12:37:13.082 信息 [main] org.apache.catalina.core.ApplicationContext.log ContextListener: contextInitialized()
15-Jun-2019 12:37:13.083 信息 [main] org.apache.catalina.core.ApplicationContext.log SessionListener: contextInitialized()
15-Jun-2019 12:37:13.084 信息 [main] org.apache.catalina.core.ApplicationContext.log ContextListener: attributeAdded('StockTicker', 'async.Stockticker@2dbf4cbd')
15-Jun-2019 12:47:05.506 信息 [main] org.apache.catalina.core.ApplicationContext.log SessionListener: contextDestroyed()
15-Jun-2019 12:47:05.506 信息 [main] org.apache.catalina.core.ApplicationContext.log ContextListener: contextDestroyed()
15-Jun-2019 12:48:38.257 信息 [main] org.apache.catalina.core.ApplicationContext.log ContextListener: contextInitialized()
15-Jun-2019 12:48:38.258 信息 [main] org.apache.catalina.core.ApplicationContext.log SessionListener: contextInitialized()
15-Jun-2019 12:48:38.259 信息 [main] org.apache.catalina.core.ApplicationContext.log ContextListener: attributeAdded('StockTicker', 'async.Stockticker@29e6eb25')
15-Jun-2019 15:15:28.832 信息 [main] org.apache.catalina.core.ApplicationContext.log ContextListener: contextInitialized()
15-Jun-2019 15:15:28.832 信息 [main] org.apache.catalina.core.ApplicationContext.log SessionListener: contextInitialized()
15-Jun-2019 15:15:28.834 信息 [main] org.apache.catalina.core.ApplicationContext.log ContextListener: attributeAdded('StockTicker', 'async.Stockticker@1c55f277')
15-Jun-2019 15:15:28.915 信息 [main] org.apache.catalina.core.ApplicationContext.log SessionListener: contextDestroyed()
15-Jun-2019 15:15:28.916 信息 [main] org.apache.catalina.core.ApplicationContext.log ContextListener: contextDestroyed()
15-Jun-2019 15:15:39.293 信息 [main] org.apache.catalina.core.ApplicationContext.log SessionListener: contextDestroyed()
15-Jun-2019 15:15:39.294 信息 [main] org.apache.catalina.core.ApplicationContext.log ContextListener: contextDestroyed()
15-Jun-2019 15:15:48.500 信息 [main] org.apache.catalina.core.ApplicationContext.log ContextListener: contextInitialized()
15-Jun-2019 15:15:48.500 信息 [main] org.apache.catalina.core.ApplicationContext.log SessionListener: contextInitialized()
15-Jun-2019 15:15:48.504 信息 [main] org.apache.catalina.core.ApplicationContext.log ContextListener: attributeAdded('StockTicker', 'async.Stockticker@7e3f95fe')
