17-Jun-2019 09:47:22.322 信息 [Thread-4] org.apache.catalina.core.ApplicationContext.log SessionListener: contextDestroyed()
17-Jun-2019 09:47:22.323 信息 [Thread-4] org.apache.catalina.core.ApplicationContext.log ContextListener: contextDestroyed()
17-Jun-2019 10:19:30.381 信息 [main] org.apache.catalina.core.ApplicationContext.log ContextListener: contextInitialized()
17-Jun-2019 10:19:30.383 信息 [main] org.apache.catalina.core.ApplicationContext.log SessionListener: contextInitialized()
17-Jun-2019 10:19:30.385 信息 [main] org.apache.catalina.core.ApplicationContext.log ContextListener: attributeAdded('StockTicker', 'async.Stockticker@470a696f')
17-Jun-2019 10:30:24.095 信息 [main] org.apache.catalina.core.ApplicationContext.log SessionListener: contextDestroyed()
17-Jun-2019 10:30:24.095 信息 [main] org.apache.catalina.core.ApplicationContext.log ContextListener: contextDestroyed()
17-Jun-2019 10:30:27.984 信息 [main] org.apache.catalina.core.ApplicationContext.log ContextListener: contextInitialized()
17-Jun-2019 10:30:27.985 信息 [main] org.apache.catalina.core.ApplicationContext.log SessionListener: contextInitialized()
17-Jun-2019 10:30:27.990 信息 [main] org.apache.catalina.core.ApplicationContext.log ContextListener: attributeAdded('StockTicker', 'async.Stockticker@6a66a204')
17-Jun-2019 10:32:53.852 信息 [main] org.apache.catalina.core.ApplicationContext.log SessionListener: contextDestroyed()
17-Jun-2019 10:32:53.852 信息 [main] org.apache.catalina.core.ApplicationContext.log ContextListener: contextDestroyed()
17-Jun-2019 10:32:56.778 信息 [main] org.apache.catalina.core.ApplicationContext.log ContextListener: contextInitialized()
17-Jun-2019 10:32:56.779 信息 [main] org.apache.catalina.core.ApplicationContext.log SessionListener: contextInitialized()
17-Jun-2019 10:32:56.780 信息 [main] org.apache.catalina.core.ApplicationContext.log ContextListener: attributeAdded('StockTicker', 'async.Stockticker@1c9f0a20')
17-Jun-2019 10:37:21.699 信息 [main] org.apache.catalina.core.ApplicationContext.log SessionListener: contextDestroyed()
17-Jun-2019 10:37:21.699 信息 [main] org.apache.catalina.core.ApplicationContext.log ContextListener: contextDestroyed()
17-Jun-2019 10:37:25.726 信息 [main] org.apache.catalina.core.ApplicationContext.log ContextListener: contextInitialized()
17-Jun-2019 10:37:25.727 信息 [main] org.apache.catalina.core.ApplicationContext.log SessionListener: contextInitialized()
17-Jun-2019 10:37:25.728 信息 [main] org.apache.catalina.core.ApplicationContext.log ContextListener: attributeAdded('StockTicker', 'async.Stockticker@65aa6596')
17-Jun-2019 10:39:57.888 信息 [main] org.apache.catalina.core.ApplicationContext.log SessionListener: contextDestroyed()
17-Jun-2019 10:39:57.888 信息 [main] org.apache.catalina.core.ApplicationContext.log ContextListener: contextDestroyed()
17-Jun-2019 10:40:01.679 信息 [main] org.apache.catalina.core.ApplicationContext.log ContextListener: contextInitialized()
17-Jun-2019 10:40:01.680 信息 [main] org.apache.catalina.core.ApplicationContext.log SessionListener: contextInitialized()
17-Jun-2019 10:40:01.681 信息 [main] org.apache.catalina.core.ApplicationContext.log ContextListener: attributeAdded('StockTicker', 'async.Stockticker@6a66a204')
17-Jun-2019 10:41:52.253 信息 [main] org.apache.catalina.core.ApplicationContext.log SessionListener: contextDestroyed()
17-Jun-2019 10:41:52.253 信息 [main] org.apache.catalina.core.ApplicationContext.log ContextListener: contextDestroyed()
17-Jun-2019 10:41:55.175 信息 [main] org.apache.catalina.core.ApplicationContext.log ContextListener: contextInitialized()
17-Jun-2019 10:41:55.175 信息 [main] org.apache.catalina.core.ApplicationContext.log SessionListener: contextInitialized()
17-Jun-2019 10:41:55.191 信息 [main] org.apache.catalina.core.ApplicationContext.log ContextListener: attributeAdded('StockTicker', 'async.Stockticker@6f0ca692')
17-Jun-2019 14:11:25.538 信息 [main] org.apache.catalina.core.ApplicationContext.log SessionListener: contextDestroyed()
17-Jun-2019 14:11:25.538 信息 [main] org.apache.catalina.core.ApplicationContext.log ContextListener: contextDestroyed()
17-Jun-2019 14:11:28.981 信息 [main] org.apache.catalina.core.ApplicationContext.log ContextListener: contextInitialized()
17-Jun-2019 14:11:28.981 信息 [main] org.apache.catalina.core.ApplicationContext.log SessionListener: contextInitialized()
17-Jun-2019 14:11:28.983 信息 [main] org.apache.catalina.core.ApplicationContext.log ContextListener: attributeAdded('StockTicker', 'async.Stockticker@4e517165')
17-Jun-2019 14:45:54.177 信息 [main] org.apache.catalina.core.ApplicationContext.log SessionListener: contextDestroyed()
17-Jun-2019 14:45:54.177 信息 [main] org.apache.catalina.core.ApplicationContext.log ContextListener: contextDestroyed()
17-Jun-2019 14:45:59.707 信息 [main] org.apache.catalina.core.ApplicationContext.log ContextListener: contextInitialized()
17-Jun-2019 14:45:59.709 信息 [main] org.apache.catalina.core.ApplicationContext.log SessionListener: contextInitialized()
17-Jun-2019 14:45:59.710 信息 [main] org.apache.catalina.core.ApplicationContext.log ContextListener: attributeAdded('StockTicker', 'async.Stockticker@6f0ca692')
17-Jun-2019 15:43:14.120 信息 [main] org.apache.catalina.core.ApplicationContext.log SessionListener: contextDestroyed()
17-Jun-2019 15:43:14.120 信息 [main] org.apache.catalina.core.ApplicationContext.log ContextListener: contextDestroyed()
17-Jun-2019 15:43:18.111 信息 [main] org.apache.catalina.core.ApplicationContext.log ContextListener: contextInitialized()
17-Jun-2019 15:43:18.112 信息 [main] org.apache.catalina.core.ApplicationContext.log SessionListener: contextInitialized()
17-Jun-2019 15:43:18.113 信息 [main] org.apache.catalina.core.ApplicationContext.log ContextListener: attributeAdded('StockTicker', 'async.Stockticker@73c60324')
17-Jun-2019 22:32:04.518 信息 [main] org.apache.catalina.core.ApplicationContext.log SessionListener: contextDestroyed()
17-Jun-2019 22:32:04.518 信息 [main] org.apache.catalina.core.ApplicationContext.log ContextListener: contextDestroyed()
17-Jun-2019 22:32:07.981 信息 [main] org.apache.catalina.core.ApplicationContext.log ContextListener: contextInitialized()
17-Jun-2019 22:32:07.981 信息 [main] org.apache.catalina.core.ApplicationContext.log SessionListener: contextInitialized()
17-Jun-2019 22:32:07.983 信息 [main] org.apache.catalina.core.ApplicationContext.log ContextListener: attributeAdded('StockTicker', 'async.Stockticker@4ba534b0')
17-Jun-2019 22:39:05.583 信息 [main] org.apache.catalina.core.ApplicationContext.log SessionListener: contextDestroyed()
17-Jun-2019 22:39:05.583 信息 [main] org.apache.catalina.core.ApplicationContext.log ContextListener: contextDestroyed()
17-Jun-2019 22:39:09.449 信息 [main] org.apache.catalina.core.ApplicationContext.log ContextListener: contextInitialized()
17-Jun-2019 22:39:09.449 信息 [main] org.apache.catalina.core.ApplicationContext.log SessionListener: contextInitialized()
17-Jun-2019 22:39:09.489 信息 [main] org.apache.catalina.core.ApplicationContext.log ContextListener: attributeAdded('StockTicker', 'async.Stockticker@71ae31b0')
17-Jun-2019 23:35:59.676 信息 [main] org.apache.catalina.core.ApplicationContext.log SessionListener: contextDestroyed()
17-Jun-2019 23:35:59.676 信息 [main] org.apache.catalina.core.ApplicationContext.log ContextListener: contextDestroyed()
